-------------------------------------------------------------------------------
Test set: ru.job4j.accident.controller.RegControlTest
-------------------------------------------------------------------------------
Tests run: 1, Failures: 0, Errors: 1, Skipped: 0, Time elapsed: 0.293 s <<< FAILURE! - in ru.job4j.accident.controller.RegControlTest
regPage  Time elapsed: 0 s  <<< ERROR!
java.lang.IllegalStateException: Failed to load ApplicationContext
Caused by: org.springframework.beans.factory.BeanCreationException: 
Error creating bean with name 'liquibase' defined in ru.job4j.accident.Job4jCarAccidentApplication: Invocation of init method failed; nested exception is liquibase.exception.ChangeLogParseException: The file db/liquibase-changeLog.xml was not found in the configured search path:
    - Spring resources
More locations can be added with the 'searchPath' parameter.
Caused by: liquibase.exception.ChangeLogParseException: 
The file db/liquibase-changeLog.xml was not found in the configured search path:
    - Spring resources
More locations can be added with the 'searchPath' parameter.

