-------------------------------------------------------------------------------
Test set: ru.job4j.accident.controller.IndexControlTest
-------------------------------------------------------------------------------
Tests run: 5, Failures: 0, Errors: 5, Skipped: 0, Time elapsed: 1.548 s <<< FAILURE! - in ru.job4j.accident.controller.IndexControlTest
shouldReturnDefaultMessageAccidentTypeGet  Time elapsed: 0 s  <<< ERROR!
java.lang.IllegalStateException: Failed to load ApplicationContext
Caused by: org.springframework.beans.factory.BeanCreationException: 
Error creating bean with name 'liquibase' defined in ru.job4j.accident.Job4jCarAccidentApplication: Invocation of init method failed; nested exception is liquibase.exception.ChangeLogParseException: The file db/liquibase-changeLog.xml was not found in the configured search path:
    - Spring resources
More locations can be added with the 'searchPath' parameter.
Caused by: liquibase.exception.ChangeLogParseException: 
The file db/liquibase-changeLog.xml was not found in the configured search path:
    - Spring resources
More locations can be added with the 'searchPath' parameter.

shouldReturnMessageSaveAuthorityGet  Time elapsed: 0 s  <<< ERROR!
java.lang.IllegalStateException: Failed to load ApplicationContext
Caused by: org.springframework.beans.factory.BeanCreationException: 
Error creating bean with name 'liquibase' defined in ru.job4j.accident.Job4jCarAccidentApplication: Invocation of init method failed; nested exception is liquibase.exception.ChangeLogParseException: The file db/liquibase-changeLog.xml was not found in the configured search path:
    - Spring resources
More locations can be added with the 'searchPath' parameter.
Caused by: liquibase.exception.ChangeLogParseException: 
The file db/liquibase-changeLog.xml was not found in the configured search path:
    - Spring resources
More locations can be added with the 'searchPath' parameter.

shouldReturnDefaultMessageRuleGet  Time elapsed: 0 s  <<< ERROR!
java.lang.IllegalStateException: Failed to load ApplicationContext
Caused by: org.springframework.beans.factory.BeanCreationException: 
Error creating bean with name 'liquibase' defined in ru.job4j.accident.Job4jCarAccidentApplication: Invocation of init method failed; nested exception is liquibase.exception.ChangeLogParseException: The file db/liquibase-changeLog.xml was not found in the configured search path:
    - Spring resources
More locations can be added with the 'searchPath' parameter.
Caused by: liquibase.exception.ChangeLogParseException: 
The file db/liquibase-changeLog.xml was not found in the configured search path:
    - Spring resources
More locations can be added with the 'searchPath' parameter.

shouldReturnMessageCreateAccidentTypeGet  Time elapsed: 0 s  <<< ERROR!
java.lang.IllegalStateException: Failed to load ApplicationContext
Caused by: org.springframework.beans.factory.BeanCreationException: 
Error creating bean with name 'liquibase' defined in ru.job4j.accident.Job4jCarAccidentApplication: Invocation of init method failed; nested exception is liquibase.exception.ChangeLogParseException: The file db/liquibase-changeLog.xml was not found in the configured search path:
    - Spring resources
More locations can be added with the 'searchPath' parameter.
Caused by: liquibase.exception.ChangeLogParseException: 
The file db/liquibase-changeLog.xml was not found in the configured search path:
    - Spring resources
More locations can be added with the 'searchPath' parameter.

shouldReturnDefaultMessageAccidentGet  Time elapsed: 0 s  <<< ERROR!
java.lang.IllegalStateException: Failed to load ApplicationContext
Caused by: org.springframework.beans.factory.BeanCreationException: 
Error creating bean with name 'liquibase' defined in ru.job4j.accident.Job4jCarAccidentApplication: Invocation of init method failed; nested exception is liquibase.exception.ChangeLogParseException: The file db/liquibase-changeLog.xml was not found in the configured search path:
    - Spring resources
More locations can be added with the 'searchPath' parameter.
Caused by: liquibase.exception.ChangeLogParseException: 
The file db/liquibase-changeLog.xml was not found in the configured search path:
    - Spring resources
More locations can be added with the 'searchPath' parameter.

