-------------------------------------------------------------------------------
Test set: ru.job4j.accident.controller.AccidentControllerTest
-------------------------------------------------------------------------------
Tests run: 3, Failures: 0, Errors: 2, Skipped: 0, Time elapsed: 5.617 s <<< FAILURE! - in ru.job4j.accident.controller.AccidentControllerTest
shouldReturnDefaultMessageRuleGet  Time elapsed: 0.183 s  <<< ERROR!
org.springframework.web.util.NestedServletException: Request processing failed; nested exception is org.thymeleaf.exceptions.TemplateProcessingException: Exception evaluating SpringEL expression: "rule.id" (template: "accident/createAccident" - line 57, col 37)
	at ru.job4j.accident.controller.AccidentControllerTest.shouldReturnDefaultMessageRuleGet(AccidentControllerTest.java:42)
Caused by: org.thymeleaf.exceptions.TemplateProcessingException: Exception evaluating SpringEL expression: "rule.id" (template: "accident/createAccident" - line 57, col 37)
	at ru.job4j.accident.controller.AccidentControllerTest.shouldReturnDefaultMessageRuleGet(AccidentControllerTest.java:42)
Caused by: org.springframework.expression.spel.SpelEvaluationException: EL1008E: Property or field 'id' cannot be found on object of type 'ru.job4j.accident.service.RuleServiceData' - maybe not public or not valid?
	at ru.job4j.accident.controller.AccidentControllerTest.shouldReturnDefaultMessageRuleGet(AccidentControllerTest.java:42)

saveAccident  Time elapsed: 0 s  <<< ERROR!
org.springframework.web.util.NestedServletException: Request processing failed; nested exception is org.springframework.web.multipart.MultipartException: Current request is not a multipart request
	at ru.job4j.accident.controller.AccidentControllerTest.saveAccident(AccidentControllerTest.java:71)
Caused by: org.springframework.web.multipart.MultipartException: Current request is not a multipart request
	at ru.job4j.accident.controller.AccidentControllerTest.saveAccident(AccidentControllerTest.java:71)

