-------------------------------------------------------------------------------
Test set: ru.job4j.accident.controller.AccidentControllerTest
-------------------------------------------------------------------------------
Tests run: 5, Failures: 0, Errors: 5, Skipped: 0, Time elapsed: 4.203 s <<< FAILURE! - in ru.job4j.accident.controller.AccidentControllerTest
saveAccidentType  Time elapsed: 0 s  <<< ERROR!
java.lang.IllegalStateException: Failed to load ApplicationContext
Caused by: org.springframework.beans.factory.BeanCreationException: 
Error creating bean with name 'liquibase' defined in ru.job4j.accident.Job4jCarAccidentApplication: Invocation of init method failed; nested exception is liquibase.exception.ChangeLogParseException: The file db/liquibase-changeLog.xml was not found in the configured search path:
    - Spring resources
More locations can be added with the 'searchPath' parameter.
Caused by: liquibase.exception.ChangeLogParseException: 
The file db/liquibase-changeLog.xml was not found in the configured search path:
    - Spring resources
More locations can be added with the 'searchPath' parameter.

saveAuthority  Time elapsed: 0 s  <<< ERROR!
java.lang.IllegalStateException: Failed to load ApplicationContext
Caused by: org.springframework.beans.factory.BeanCreationException: 
Error creating bean with name 'liquibase' defined in ru.job4j.accident.Job4jCarAccidentApplication: Invocation of init method failed; nested exception is liquibase.exception.ChangeLogParseException: The file db/liquibase-changeLog.xml was not found in the configured search path:
    - Spring resources
More locations can be added with the 'searchPath' parameter.
Caused by: liquibase.exception.ChangeLogParseException: 
The file db/liquibase-changeLog.xml was not found in the configured search path:
    - Spring resources
More locations can be added with the 'searchPath' parameter.

shouldReturnDefaultMessage  Time elapsed: 0 s  <<< ERROR!
java.lang.IllegalStateException: Failed to load ApplicationContext
Caused by: org.springframework.beans.factory.BeanCreationException: 
Error creating bean with name 'liquibase' defined in ru.job4j.accident.Job4jCarAccidentApplication: Invocation of init method failed; nested exception is liquibase.exception.ChangeLogParseException: The file db/liquibase-changeLog.xml was not found in the configured search path:
    - Spring resources
More locations can be added with the 'searchPath' parameter.
Caused by: liquibase.exception.ChangeLogParseException: 
The file db/liquibase-changeLog.xml was not found in the configured search path:
    - Spring resources
More locations can be added with the 'searchPath' parameter.

createRule  Time elapsed: 0 s  <<< ERROR!
java.lang.IllegalStateException: Failed to load ApplicationContext
Caused by: org.springframework.beans.factory.BeanCreationException: 
Error creating bean with name 'liquibase' defined in ru.job4j.accident.Job4jCarAccidentApplication: Invocation of init method failed; nested exception is liquibase.exception.ChangeLogParseException: The file db/liquibase-changeLog.xml was not found in the configured search path:
    - Spring resources
More locations can be added with the 'searchPath' parameter.
Caused by: liquibase.exception.ChangeLogParseException: 
The file db/liquibase-changeLog.xml was not found in the configured search path:
    - Spring resources
More locations can be added with the 'searchPath' parameter.

saveAccident  Time elapsed: 0 s  <<< ERROR!
java.lang.IllegalStateException: Failed to load ApplicationContext
Caused by: org.springframework.beans.factory.BeanCreationException: 
Error creating bean with name 'liquibase' defined in ru.job4j.accident.Job4jCarAccidentApplication: Invocation of init method failed; nested exception is liquibase.exception.ChangeLogParseException: The file db/liquibase-changeLog.xml was not found in the configured search path:
    - Spring resources
More locations can be added with the 'searchPath' parameter.
Caused by: liquibase.exception.ChangeLogParseException: 
The file db/liquibase-changeLog.xml was not found in the configured search path:
    - Spring resources
More locations can be added with the 'searchPath' parameter.

