<?xml version="1.0" encoding="UTF-8"?>
<testsuite xmlns:xsi="http://www.w3.org/2001/XMLSchema-instance" xsi:noNamespaceSchemaLocation="https://maven.apache.org/surefire/maven-surefire-plugin/xsd/surefire-test-report.xsd" name="ru.job4j.accident.controller.LoginControllerTest" time="0.913" tests="2" errors="0" skipped="0" failures="2">
  <properties>
[...]
</properties>
  <testcase name="loginPage" classname="ru.job4j.accident.controller.LoginControllerTest" time="0.043">
    <failure message="Model attribute &apos;errorMessage&apos; expected:&lt;Username or Password is incorrect !!&gt; but was:&lt;null&gt;" type="java.lang.AssertionError"><![CDATA[java.lang.AssertionError: Model attribute 'errorMessage' expected:<Username or Password is incorrect !!> but was:<null>
	at ru.job4j.accident.controller.LoginControllerTest.loginPage(LoginControllerTest.java:37)
]]></failure>
    <system-out><![CDATA[2022-11-14 00:47:37.910  INFO 15092 --- [           main] .b.t.c.SpringBootTestContextBootstrapper : Neither @ContextConfiguration nor @ContextHierarchy found for test class [ru.job4j.accident.controller.LoginControllerTest], using SpringBootContextLoader
2022-11-14 00:47:37.910  INFO 15092 --- [           main] o.s.t.c.support.AbstractContextLoader    : Could not detect default resource locations for test class [ru.job4j.accident.controller.LoginControllerTest]: no resource found for suffixes {-context.xml, Context.groovy}.
2022-11-14 00:47:37.914  INFO 15092 --- [           main] .b.t.c.SpringBootTestContextBootstrapper : Loaded default TestExecutionListener class names from location [META-INF/spring.factories]: [org.springframework.boot.test.mock.mockito.MockitoTestExecutionListener, org.springframework.boot.test.mock.mockito.ResetMocksTestExecutionListener, org.springframework.boot.test.autoconfigure.restdocs.RestDocsTestExecutionListener, org.springframework.boot.test.autoconfigure.web.client.MockRestServiceServerResetTestExecutionListener, org.springframework.boot.test.autoconfigure.web.servlet.MockMvcPrintOnlyOnFailureTestExecutionListener, org.springframework.boot.test.autoconfigure.web.servlet.WebDriverTestExecutionListener, org.springframework.boot.test.autoconfigure.webservices.client.MockWebServiceServerTestExecutionListener, org.springframework.test.context.web.ServletTestExecutionListener, org.springframework.test.context.support.DirtiesContextBeforeModesTestExecutionListener, org.springframework.test.context.event.ApplicationEventsTestExecutionListener, org.springframework.test.context.support.DependencyInjectionTestExecutionListener, org.springframework.test.context.support.DirtiesContextTestExecutionListener, org.springframework.test.context.transaction.TransactionalTestExecutionListener, org.springframework.test.context.jdbc.SqlScriptsTestExecutionListener, org.springframework.test.context.event.EventPublishingTestExecutionListener, org.springframework.security.test.context.support.WithSecurityContextTestExecutionListener, org.springframework.security.test.context.support.ReactorContextTestExecutionListener]
2022-11-14 00:47:37.915  INFO 15092 --- [           main] .b.t.c.SpringBootTestContextBootstrapper : Using TestExecutionListeners: [org.springframework.test.context.web.ServletTestExecutionListener@4ec0c727, org.springframework.test.context.support.DirtiesContextBeforeModesTestExecutionListener@fbcc62a, org.springframework.test.context.event.ApplicationEventsTestExecutionListener@6011176f, org.springframework.boot.test.mock.mockito.MockitoTestExecutionListener@655c1b, org.springframework.boot.test.autoconfigure.SpringBootDependencyInjectionTestExecutionListener@48d44acf, org.springframework.test.context.support.DirtiesContextTestExecutionListener@21304869, org.springframework.test.context.transaction.TransactionalTestExecutionListener@49f2994f, org.springframework.test.context.jdbc.SqlScriptsTestExecutionListener@63dd81ee, org.springframework.test.context.event.EventPublishingTestExecutionListener@9353d68, org.springframework.security.test.context.support.WithSecurityContextTestExecutionListener@2a654f27, org.springframework.security.test.context.support.ReactorContextTestExecutionListener@770093c5, org.springframework.boot.test.mock.mockito.ResetMocksTestExecutionListener@785dbe3a, org.springframework.boot.test.autoconfigure.restdocs.RestDocsTestExecutionListener@58230224, org.springframework.boot.test.autoconfigure.web.client.MockRestServiceServerResetTestExecutionListener@583f6270, org.springframework.boot.test.autoconfigure.web.servlet.MockMvcPrintOnlyOnFailureTestExecutionListener@2bd24c09, org.springframework.boot.test.autoconfigure.web.servlet.WebDriverTestExecutionListener@3e6b8b27, org.springframework.boot.test.autoconfigure.webservices.client.MockWebServiceServerTestExecutionListener@7e199cec]

  .   ____          _            __ _ _
 /\\ / ___'_ __ _ _(_)_ __  __ _ \ \ \ \
( ( )\___ | '_ | '_| | '_ \/ _` | \ \ \ \
 \\/  ___)| |_)| | | | | || (_| |  ) ) ) )
  '  |____| .__|_| |_|_| |_\__, | / / / /
 =========|_|==============|___/=/_/_/_/
 :: Spring Boot ::                (v2.7.3)

2022-11-14 00:47:37.933  INFO 15092 --- [           main] r.j.a.controller.LoginControllerTest     : Starting LoginControllerTest using Java 17.0.2 on DESKTOP-QJMS09A with PID 15092 (started by rompe in C:\Users\rompe\IdeaProjects\job4j_car_accident)
2022-11-14 00:47:37.933  INFO 15092 --- [           main] r.j.a.controller.LoginControllerTest     : No active profile set, falling back to 1 default profile: "default"
2022-11-14 00:47:38.065  INFO 15092 --- [           main] .s.d.r.c.RepositoryConfigurationDelegate : Bootstrapping Spring Data JPA repositories in DEFAULT mode.
2022-11-14 00:47:38.082  INFO 15092 --- [           main] .s.d.r.c.RepositoryConfigurationDelegate : Finished Spring Data repository scanning in 16 ms. Found 5 JPA repository interfaces.
2022-11-14 00:47:38.209  INFO 15092 --- [           main] liquibase.database                       : Set default schema name to PUBLIC
2022-11-14 00:47:38.213  INFO 15092 --- [           main] liquibase.lockservice                    : Successfully acquired change log lock
2022-11-14 00:47:38.236  INFO 15092 --- [           main] liquibase.changelog                      : Reading from PUBLIC.DATABASECHANGELOG
2022-11-14 00:47:38.241  INFO 15092 --- [           main] liquibase.lockservice                    : Successfully released change log lock
2022-11-14 00:47:38.258  INFO 15092 --- [           main] o.hibernate.jpa.internal.util.LogHelper  : HHH000204: Processing PersistenceUnitInfo [name: default]
2022-11-14 00:47:38.267  INFO 15092 --- [           main] org.hibernate.dialect.Dialect            : HHH000400: Using dialect: org.hibernate.dialect.H2Dialect
2022-11-14 00:47:38.315  INFO 15092 --- [           main] o.h.e.t.j.p.i.JtaPlatformInitiator       : HHH000490: Using JtaPlatform implementation: [org.hibernate.engine.transaction.jta.platform.internal.NoJtaPlatform]
2022-11-14 00:47:38.315  INFO 15092 --- [           main] j.LocalContainerEntityManagerFactoryBean : Initialized JPA EntityManagerFactory for persistence unit 'default'
2022-11-14 00:47:38.333  WARN 15092 --- [           main] JpaBaseConfiguration$JpaWebConfiguration : spring.jpa.open-in-view is enabled by default. Therefore, database queries may be performed during view rendering. Explicitly configure spring.jpa.open-in-view to disable this warning
2022-11-14 00:47:38.474  INFO 15092 --- [           main] o.s.s.web.DefaultSecurityFilterChain     : Will secure any request with [org.springframework.security.web.session.DisableEncodeUrlFilter@3b47178c, org.springframework.security.web.context.request.async.WebAsyncManagerIntegrationFilter@9e2946, org.springframework.security.web.context.SecurityContextPersistenceFilter@27796482, org.springframework.security.web.header.HeaderWriterFilter@6fc1d215, org.springframework.security.web.authentication.logout.LogoutFilter@3e43fb40, org.springframework.security.web.authentication.UsernamePasswordAuthenticationFilter@1a7f6678, org.springframework.security.web.savedrequest.RequestCacheAwareFilter@4655e059, org.springframework.security.web.servletapi.SecurityContextHolderAwareRequestFilter@2765c3fc, org.springframework.security.web.authentication.AnonymousAuthenticationFilter@283eb984, org.springframework.security.web.session.SessionManagementFilter@234ad505, org.springframework.security.web.access.ExceptionTranslationFilter@716205f9, org.springframework.security.web.access.intercept.AuthorizationFilter@5e8ec0d9]
2022-11-14 00:47:38.597  INFO 15092 --- [           main] o.s.b.a.w.s.WelcomePageHandlerMapping    : Adding welcome page template: index
2022-11-14 00:47:38.759  INFO 15092 --- [           main] o.s.b.t.m.w.SpringBootMockServletContext : Initializing Spring TestDispatcherServlet ''
2022-11-14 00:47:38.759  INFO 15092 --- [           main] o.s.t.web.servlet.TestDispatcherServlet  : Initializing Servlet ''
2022-11-14 00:47:38.760  INFO 15092 --- [           main] o.s.t.web.servlet.TestDispatcherServlet  : Completed initialization in 1 ms
2022-11-14 00:47:38.766  INFO 15092 --- [           main] r.j.a.controller.LoginControllerTest     : Started LoginControllerTest in 0.849 seconds (JVM running for 8.092)

MockHttpServletRequest:
      HTTP Method = GET
      Request URI = /login
       Parameters = {error=[true]}
          Headers = []
             Body = null
    Session Attrs = {SPRING_SECURITY_CONTEXT=SecurityContextImpl [Authentication=UsernamePasswordAuthenticationToken [Principal=org.springframework.security.core.userdetails.User [Username=user, Password=[PROTECTED], Enabled=true, AccountNonExpired=true, credentialsNonExpired=true, AccountNonLocked=true, Granted Authorities=[ROLE_USER]], Credentials=[PROTECTED], Authenticated=true, Details=null, Granted Authorities=[ROLE_USER]]]}

Handler:
             Type = ru.job4j.accident.controller.LoginController$MockitoMock$1417215957
           Method = ru.job4j.accident.controller.LoginController$MockitoMock$1417215957#loginPage(String, String, Model)

Async:
    Async started = false
     Async result = null

Resolved Exception:
             Type = null

ModelAndView:
        View name = login
             View = null
            Model = null

FlashMap:
       Attributes = null

MockHttpServletResponse:
           Status = 200
    Error message = null
          Headers = [Content-Language:"en", Content-Type:"text/html;charset=UTF-8", X-Content-Type-Options:"nosniff", X-XSS-Protection:"1; mode=block", Cache-Control:"no-cache, no-store, max-age=0, must-revalidate", Pragma:"no-cache", Expires:"0", X-Frame-Options:"DENY"]
     Content type = text/html;charset=UTF-8
             Body = <!DOCTYPE html>
<html lang="en">
<head>
    <meta charset="utf-8">
    <meta name="viewport" content="width=device-width, initial-scale=1, shrink-to-fit=no">
    <link rel="stylesheet" href="https://stackpath.bootstrapcdn.com/bootstrap/4.4.1/css/bootstrap.min.css"
          integrity="sha384-Vkoo8x4CGsO3+Hhxv8T/Q5PaXtkKtu6ug5TOeNV6gBiFeWPGFN9MuhOf23Q9Ifjh" crossorigin="anonymous">
    <script src="https://code.jquery.com/jquery-3.4.1.slim.min.js"
            integrity="sha384-J6qa4849blE2+poT4WnyKhv5vZF5SrPo0iEjwBvKU7imGFAV0wwj1yYfoRSJoZ+n" crossorigin="anonymous"></script>
    <script src="https://cdn.jsdelivr.net/npm/popper.js@1.16.0/dist/umd/popper.min.js"
            integrity="sha384-Q6E9RHvbIyZFJoft+2mJbHaEWldlvI9IOYy5n3zV9zzTtmI3UksdQRVvoxMfooAo" crossorigin="anonymous"></script>
    <script src="https://stackpath.bootstrapcdn.com/bootstrap/4.4.1/js/bootstrap.min.js"
            integrity="sha384-wfSDF2E50Y2D1uUdj0O3uMBJnjuUD4Ih7YwaYd1iqfktj0Uod8GCExl3Og8ifwB6" crossorigin="anonymous"></script>
    <title>Автомобильные инциденты</title>
</head>
<body>
<div class="container py-3">
    <nav class="navbar navbar-expand-lg navbar-light bg-light">
        <div class="collapse navbar-collapse" id="navbarNavAltMarkup">
            <div class="navbar-nav">
                <a class="nav-item nav-link" href="/index">Главная</a>
            </div>
        </div>
    </nav>
    <main class="form-signin">
        <h1 class="h3 mb-3 fw-normal">Авторизация</h1>
        
            <div class="collapse navbar-collapse" id="navbarNavAltMarkup">
                <div class="navbar-nav">
                    <a class="nav-item nav-link" href="/reg" style="margin-right: 750px">На страницу регистрации</a>
                </div>
            </div>
        <form action="/login" method="post">
            <input type="hidden" name="${_csrf.parameterName}" value="${_csrf.token}"/>
            <div class="form-floating mb-3">
                <input type="text" class="form-control" id="username" name="username" required>
                <label for="username">User name</label>
            </div>
            <div class="form-floating">
                <input type="password" class="form-control" id="password" name="password" required>
                <label for="password">Password</label>
            </div>
            <hr class="my-4">
            <button type="submit" class="w-100 btn btn-lg btn-primary">Авторизация</button>
        </form>
    </main>
</div>
</body>
</html>
    Forwarded URL = null
   Redirected URL = null
          Cookies = []

MockHttpServletRequest:
      HTTP Method = GET
      Request URI = /login
       Parameters = {error=[true]}
          Headers = []
             Body = null
    Session Attrs = {SPRING_SECURITY_CONTEXT=SecurityContextImpl [Authentication=UsernamePasswordAuthenticationToken [Principal=org.springframework.security.core.userdetails.User [Username=user, Password=[PROTECTED], Enabled=true, AccountNonExpired=true, credentialsNonExpired=true, AccountNonLocked=true, Granted Authorities=[ROLE_USER]], Credentials=[PROTECTED], Authenticated=true, Details=null, Granted Authorities=[ROLE_USER]]]}

Handler:
             Type = ru.job4j.accident.controller.LoginController$MockitoMock$1417215957
           Method = ru.job4j.accident.controller.LoginController$MockitoMock$1417215957#loginPage(String, String, Model)

Async:
    Async started = false
     Async result = null

Resolved Exception:
             Type = null

ModelAndView:
        View name = login
             View = null
            Model = null

FlashMap:
       Attributes = null

MockHttpServletResponse:
           Status = 200
    Error message = null
          Headers = [Content-Language:"en", Content-Type:"text/html;charset=UTF-8", X-Content-Type-Options:"nosniff", X-XSS-Protection:"1; mode=block", Cache-Control:"no-cache, no-store, max-age=0, must-revalidate", Pragma:"no-cache", Expires:"0", X-Frame-Options:"DENY"]
     Content type = text/html;charset=UTF-8
             Body = <!DOCTYPE html>
<html lang="en">
<head>
    <meta charset="utf-8">
    <meta name="viewport" content="width=device-width, initial-scale=1, shrink-to-fit=no">
    <link rel="stylesheet" href="https://stackpath.bootstrapcdn.com/bootstrap/4.4.1/css/bootstrap.min.css"
          integrity="sha384-Vkoo8x4CGsO3+Hhxv8T/Q5PaXtkKtu6ug5TOeNV6gBiFeWPGFN9MuhOf23Q9Ifjh" crossorigin="anonymous">
    <script src="https://code.jquery.com/jquery-3.4.1.slim.min.js"
            integrity="sha384-J6qa4849blE2+poT4WnyKhv5vZF5SrPo0iEjwBvKU7imGFAV0wwj1yYfoRSJoZ+n" crossorigin="anonymous"></script>
    <script src="https://cdn.jsdelivr.net/npm/popper.js@1.16.0/dist/umd/popper.min.js"
            integrity="sha384-Q6E9RHvbIyZFJoft+2mJbHaEWldlvI9IOYy5n3zV9zzTtmI3UksdQRVvoxMfooAo" crossorigin="anonymous"></script>
    <script src="https://stackpath.bootstrapcdn.com/bootstrap/4.4.1/js/bootstrap.min.js"
            integrity="sha384-wfSDF2E50Y2D1uUdj0O3uMBJnjuUD4Ih7YwaYd1iqfktj0Uod8GCExl3Og8ifwB6" crossorigin="anonymous"></script>
    <title>Автомобильные инциденты</title>
</head>
<body>
<div class="container py-3">
    <nav class="navbar navbar-expand-lg navbar-light bg-light">
        <div class="collapse navbar-collapse" id="navbarNavAltMarkup">
            <div class="navbar-nav">
                <a class="nav-item nav-link" href="/index">Главная</a>
            </div>
        </div>
    </nav>
    <main class="form-signin">
        <h1 class="h3 mb-3 fw-normal">Авторизация</h1>
        
            <div class="collapse navbar-collapse" id="navbarNavAltMarkup">
                <div class="navbar-nav">
                    <a class="nav-item nav-link" href="/reg" style="margin-right: 750px">На страницу регистрации</a>
                </div>
            </div>
        <form action="/login" method="post">
            <input type="hidden" name="${_csrf.parameterName}" value="${_csrf.token}"/>
            <div class="form-floating mb-3">
                <input type="text" class="form-control" id="username" name="username" required>
                <label for="username">User name</label>
            </div>
            <div class="form-floating">
                <input type="password" class="form-control" id="password" name="password" required>
                <label for="password">Password</label>
            </div>
            <hr class="my-4">
            <button type="submit" class="w-100 btn btn-lg btn-primary">Авторизация</button>
        </form>
    </main>
</div>
</body>
</html>
    Forwarded URL = null
   Redirected URL = null
          Cookies = []
]]></system-out>
  </testcase>
  <testcase name="logoutPage" classname="ru.job4j.accident.controller.LoginControllerTest" time="0.019">
    <failure message="Model attribute &apos;errorMessage&apos; expected:&lt;You have been successfully logged out !!&gt; but was:&lt;null&gt;" type="java.lang.AssertionError"><![CDATA[java.lang.AssertionError: Model attribute 'errorMessage' expected:<You have been successfully logged out !!> but was:<null>
	at ru.job4j.accident.controller.LoginControllerTest.logoutPage(LoginControllerTest.java:49)
]]></failure>
    <system-out><![CDATA[
MockHttpServletRequest:
      HTTP Method = GET
      Request URI = /login
       Parameters = {logout=[true]}
          Headers = []
             Body = null
    Session Attrs = {SPRING_SECURITY_CONTEXT=SecurityContextImpl [Authentication=UsernamePasswordAuthenticationToken [Principal=org.springframework.security.core.userdetails.User [Username=user, Password=[PROTECTED], Enabled=true, AccountNonExpired=true, credentialsNonExpired=true, AccountNonLocked=true, Granted Authorities=[ROLE_USER]], Credentials=[PROTECTED], Authenticated=true, Details=null, Granted Authorities=[ROLE_USER]]]}

Handler:
             Type = ru.job4j.accident.controller.LoginController$MockitoMock$1417215957
           Method = ru.job4j.accident.controller.LoginController$MockitoMock$1417215957#loginPage(String, String, Model)

Async:
    Async started = false
     Async result = null

Resolved Exception:
             Type = null

ModelAndView:
        View name = login
             View = null
            Model = null

FlashMap:
       Attributes = null

MockHttpServletResponse:
           Status = 200
    Error message = null
          Headers = [Content-Language:"en", Content-Type:"text/html;charset=UTF-8", X-Content-Type-Options:"nosniff", X-XSS-Protection:"1; mode=block", Cache-Control:"no-cache, no-store, max-age=0, must-revalidate", Pragma:"no-cache", Expires:"0", X-Frame-Options:"DENY"]
     Content type = text/html;charset=UTF-8
             Body = <!DOCTYPE html>
<html lang="en">
<head>
    <meta charset="utf-8">
    <meta name="viewport" content="width=device-width, initial-scale=1, shrink-to-fit=no">
    <link rel="stylesheet" href="https://stackpath.bootstrapcdn.com/bootstrap/4.4.1/css/bootstrap.min.css"
          integrity="sha384-Vkoo8x4CGsO3+Hhxv8T/Q5PaXtkKtu6ug5TOeNV6gBiFeWPGFN9MuhOf23Q9Ifjh" crossorigin="anonymous">
    <script src="https://code.jquery.com/jquery-3.4.1.slim.min.js"
            integrity="sha384-J6qa4849blE2+poT4WnyKhv5vZF5SrPo0iEjwBvKU7imGFAV0wwj1yYfoRSJoZ+n" crossorigin="anonymous"></script>
    <script src="https://cdn.jsdelivr.net/npm/popper.js@1.16.0/dist/umd/popper.min.js"
            integrity="sha384-Q6E9RHvbIyZFJoft+2mJbHaEWldlvI9IOYy5n3zV9zzTtmI3UksdQRVvoxMfooAo" crossorigin="anonymous"></script>
    <script src="https://stackpath.bootstrapcdn.com/bootstrap/4.4.1/js/bootstrap.min.js"
            integrity="sha384-wfSDF2E50Y2D1uUdj0O3uMBJnjuUD4Ih7YwaYd1iqfktj0Uod8GCExl3Og8ifwB6" crossorigin="anonymous"></script>
    <title>Автомобильные инциденты</title>
</head>
<body>
<div class="container py-3">
    <nav class="navbar navbar-expand-lg navbar-light bg-light">
        <div class="collapse navbar-collapse" id="navbarNavAltMarkup">
            <div class="navbar-nav">
                <a class="nav-item nav-link" href="/index">Главная</a>
            </div>
        </div>
    </nav>
    <main class="form-signin">
        <h1 class="h3 mb-3 fw-normal">Авторизация</h1>
        
            <div class="collapse navbar-collapse" id="navbarNavAltMarkup">
                <div class="navbar-nav">
                    <a class="nav-item nav-link" href="/reg" style="margin-right: 750px">На страницу регистрации</a>
                </div>
            </div>
        <form action="/login" method="post">
            <input type="hidden" name="${_csrf.parameterName}" value="${_csrf.token}"/>
            <div class="form-floating mb-3">
                <input type="text" class="form-control" id="username" name="username" required>
                <label for="username">User name</label>
            </div>
            <div class="form-floating">
                <input type="password" class="form-control" id="password" name="password" required>
                <label for="password">Password</label>
            </div>
            <hr class="my-4">
            <button type="submit" class="w-100 btn btn-lg btn-primary">Авторизация</button>
        </form>
    </main>
</div>
</body>
</html>
    Forwarded URL = null
   Redirected URL = null
          Cookies = []

MockHttpServletRequest:
      HTTP Method = GET
      Request URI = /login
       Parameters = {logout=[true]}
          Headers = []
             Body = null
    Session Attrs = {SPRING_SECURITY_CONTEXT=SecurityContextImpl [Authentication=UsernamePasswordAuthenticationToken [Principal=org.springframework.security.core.userdetails.User [Username=user, Password=[PROTECTED], Enabled=true, AccountNonExpired=true, credentialsNonExpired=true, AccountNonLocked=true, Granted Authorities=[ROLE_USER]], Credentials=[PROTECTED], Authenticated=true, Details=null, Granted Authorities=[ROLE_USER]]]}

Handler:
             Type = ru.job4j.accident.controller.LoginController$MockitoMock$1417215957
           Method = ru.job4j.accident.controller.LoginController$MockitoMock$1417215957#loginPage(String, String, Model)

Async:
    Async started = false
     Async result = null

Resolved Exception:
             Type = null

ModelAndView:
        View name = login
             View = null
            Model = null

FlashMap:
       Attributes = null

MockHttpServletResponse:
           Status = 200
    Error message = null
          Headers = [Content-Language:"en", Content-Type:"text/html;charset=UTF-8", X-Content-Type-Options:"nosniff", X-XSS-Protection:"1; mode=block", Cache-Control:"no-cache, no-store, max-age=0, must-revalidate", Pragma:"no-cache", Expires:"0", X-Frame-Options:"DENY"]
     Content type = text/html;charset=UTF-8
             Body = <!DOCTYPE html>
<html lang="en">
<head>
    <meta charset="utf-8">
    <meta name="viewport" content="width=device-width, initial-scale=1, shrink-to-fit=no">
    <link rel="stylesheet" href="https://stackpath.bootstrapcdn.com/bootstrap/4.4.1/css/bootstrap.min.css"
          integrity="sha384-Vkoo8x4CGsO3+Hhxv8T/Q5PaXtkKtu6ug5TOeNV6gBiFeWPGFN9MuhOf23Q9Ifjh" crossorigin="anonymous">
    <script src="https://code.jquery.com/jquery-3.4.1.slim.min.js"
            integrity="sha384-J6qa4849blE2+poT4WnyKhv5vZF5SrPo0iEjwBvKU7imGFAV0wwj1yYfoRSJoZ+n" crossorigin="anonymous"></script>
    <script src="https://cdn.jsdelivr.net/npm/popper.js@1.16.0/dist/umd/popper.min.js"
            integrity="sha384-Q6E9RHvbIyZFJoft+2mJbHaEWldlvI9IOYy5n3zV9zzTtmI3UksdQRVvoxMfooAo" crossorigin="anonymous"></script>
    <script src="https://stackpath.bootstrapcdn.com/bootstrap/4.4.1/js/bootstrap.min.js"
            integrity="sha384-wfSDF2E50Y2D1uUdj0O3uMBJnjuUD4Ih7YwaYd1iqfktj0Uod8GCExl3Og8ifwB6" crossorigin="anonymous"></script>
    <title>Автомобильные инциденты</title>
</head>
<body>
<div class="container py-3">
    <nav class="navbar navbar-expand-lg navbar-light bg-light">
        <div class="collapse navbar-collapse" id="navbarNavAltMarkup">
            <div class="navbar-nav">
                <a class="nav-item nav-link" href="/index">Главная</a>
            </div>
        </div>
    </nav>
    <main class="form-signin">
        <h1 class="h3 mb-3 fw-normal">Авторизация</h1>
        
            <div class="collapse navbar-collapse" id="navbarNavAltMarkup">
                <div class="navbar-nav">
                    <a class="nav-item nav-link" href="/reg" style="margin-right: 750px">На страницу регистрации</a>
                </div>
            </div>
        <form action="/login" method="post">
            <input type="hidden" name="${_csrf.parameterName}" value="${_csrf.token}"/>
            <div class="form-floating mb-3">
                <input type="text" class="form-control" id="username" name="username" required>
                <label for="username">User name</label>
            </div>
            <div class="form-floating">
                <input type="password" class="form-control" id="password" name="password" required>
                <label for="password">Password</label>
            </div>
            <hr class="my-4">
            <button type="submit" class="w-100 btn btn-lg btn-primary">Авторизация</button>
        </form>
    </main>
</div>
</body>
</html>
    Forwarded URL = null
   Redirected URL = null
          Cookies = []
]]></system-out>
  </testcase>
</testsuite>